<?xml version="1.0" encoding="UTF-8"?>
<!-- Generated by org.testng.reporters.JUnitReportReporter -->
<testsuite hostname="DESKTOP-VTK6SV9" failures="0" tests="2" name="com.qa.opencartdemo.UserRegistrationTest" time="0.050" errors="0" timestamp="2021-04-18T23:56:52 IST" skipped="0">
  <testcase classname="com.qa.opencartdemo.UserRegistrationTest" name="UserCanRegisterSuccessfully" time="0.047"/>
  <system-out/>
  <testcase classname="com.qa.opencartdemo.UserRegistrationTest" name="UserCanRegisterSuccessfully" time="0.003"/>
  <system-out/>
</testsuite> <!-- com.qa.opencartdemo.UserRegistrationTest -->
