<?xml version="1.0" encoding="UTF-8"?>
<!-- Generated by org.testng.reporters.JUnitReportReporter -->
<testsuite hostname="DESKTOP-VTK6SV9" failures="0" tests="3" name="com.qa.opencartdemo.ApplicationTest" time="9.180" errors="0" timestamp="2021-04-19T00:51:55 IST" skipped="0">
  <testcase classname="com.qa.opencartdemo.ApplicationTest" name="launchBrowserTest" time="0.996"/>
  <system-out/>
  <testcase classname="com.qa.opencartdemo.ApplicationTest" name="login" time="5.554"/>
  <system-out/>
  <testcase classname="com.qa.opencartdemo.ApplicationTest" name="logout" time="2.630"/>
  <system-out/>
</testsuite> <!-- com.qa.opencartdemo.ApplicationTest -->
